# JRE version: Java(TM) SE Runtime Environment (8.0_251-b08) (build 1.8.0_251-b08)
# Java VM: Java HotSpot(TM) 64-Bit Server VM (25.251-b08 mixed mode windows-amd64 compressed oops)
Heap:
 PSYoungGen      total 312320K, used 104674K [0x0000000775c00000, 0x000000078a700000, 0x00000007c0000000)
  eden space 300544K, 30% used [0x0000000775c00000,0x000000077b6bad40,0x0000000788180000)
  from space 11776K, 99% used [0x0000000789000000,0x0000000789b7dd78,0x0000000789b80000)
  to   space 14848K, 0% used [0x0000000788180000,0x0000000788180000,0x0000000789000000)
 ParOldGen       total 143872K, used 20894K [0x00000006e1400000, 0x00000006ea080000, 0x0000000775c00000)
  object space 143872K, 14% used [0x00000006e1400000,0x00000006e28679b8,0x00000006ea080000)
 Metaspace       used 51558K, capacity 54280K, committed 54400K, reserved 1095680K
  class space    used 6978K, capacity 7456K, committed 7552K, reserved 1048576K
GC Heap History (10 events):
Event: 2.883 GC heap before
{Heap before GC invocations=6 (full 1):
 PSYoungGen      total 124928K, used 6238K [0x0000000775c00000, 0x0000000784e00000, 0x00000007c0000000)
  eden space 115712K, 0% used [0x0000000775c00000,0x0000000775c00000,0x000000077cd00000)
  from space 9216K, 67% used [0x000000077cd00000,0x000000077d317b90,0x000000077d600000)
  to   space 8192K, 0% used [0x0000000784600000,0x0000000784600000,0x0000000784e00000)
 ParOldGen       total 153088K, used 48K [0x00000006e1400000, 0x00000006ea980000, 0x0000000775c00000)
  object space 153088K, 0% used [0x00000006e1400000,0x00000006e140c000,0x00000006ea980000)
 Metaspace       used 20500K, capacity 21168K, committed 21248K, reserved 1067008K
  class space    used 2592K, capacity 2758K, committed 2816K, reserved 1048576K
Event: 2.911 GC heap after
Heap after GC invocations=6 (full 1):
 PSYoungGen      total 124928K, used 0K [0x0000000775c00000, 0x0000000784e00000, 0x00000007c0000000)
  eden space 115712K, 0% used [0x0000000775c00000,0x0000000775c00000,0x000000077cd00000)
  from space 9216K, 0% used [0x000000077cd00000,0x000000077cd00000,0x000000077d600000)
  to   space 8192K, 0% used [0x0000000784600000,0x0000000784600000,0x0000000784e00000)
 ParOldGen       total 83456K, used 6062K [0x00000006e1400000, 0x00000006e6580000, 0x0000000775c00000)
  object space 83456K, 7% used [0x00000006e1400000,0x00000006e19eb8a0,0x00000006e6580000)
 Metaspace       used 20500K, capacity 21168K, committed 21248K, reserved 1067008K
  class space    used 2592K, capacity 2758K, committed 2816K, reserved 1048576K
}
Event: 3.982 GC heap before
{Heap before GC invocations=7 (full 1):
 PSYoungGen      total 124928K, used 115712K [0x0000000775c00000, 0x0000000784e00000, 0x00000007c0000000)
  eden space 115712K, 100% used [0x0000000775c00000,0x000000077cd00000,0x000000077cd00000)
  from space 9216K, 0% used [0x000000077cd00000,0x000000077cd00000,0x000000077d600000)
  to   space 8192K, 0% used [0x0000000784600000,0x0000000784600000,0x0000000784e00000)
 ParOldGen       total 83456K, used 6062K [0x00000006e1400000, 0x00000006e6580000, 0x0000000775c00000)
  object space 83456K, 7% used [0x00000006e1400000,0x00000006e19eb8a0,0x00000006e6580000)
 Metaspace       used 26337K, capacity 27906K, committed 28160K, reserved 1073152K
  class space    used 3455K, capacity 3747K, committed 3840K, reserved 1048576K
Event: 3.989 GC heap after
Heap after GC invocations=7 (full 1):
 PSYoungGen      total 197120K, used 8171K [0x0000000775c00000, 0x0000000784e00000, 0x00000007c0000000)
  eden space 188928K, 0% used [0x0000000775c00000,0x0000000775c00000,0x0000000781480000)
  from space 8192K, 99% used [0x0000000784600000,0x0000000784dfae08,0x0000000784e00000)
  to   space 9728K, 0% used [0x0000000783b00000,0x0000000783b00000,0x0000000784480000)
 ParOldGen       total 83456K, used 7002K [0x00000006e1400000, 0x00000006e6580000, 0x0000000775c00000)
  object space 83456K, 8% used [0x00000006e1400000,0x00000006e1ad68c8,0x00000006e6580000)
 Metaspace       used 26337K, capacity 27906K, committed 28160K, reserved 1073152K
  class space    used 3455K, capacity 3747K, committed 3840K, reserved 1048576K
}
Event: 4.933 GC heap before
{Heap before GC invocations=8 (full 1):
 PSYoungGen      total 197120K, used 165130K [0x0000000775c00000, 0x0000000784e00000, 0x00000007c0000000)
  eden space 188928K, 83% used [0x0000000775c00000,0x000000077f547b20,0x0000000781480000)
  from space 8192K, 99% used [0x0000000784600000,0x0000000784dfae08,0x0000000784e00000)
  to   space 9728K, 0% used [0x0000000783b00000,0x0000000783b00000,0x0000000784480000)
 ParOldGen       total 83456K, used 7002K [0x00000006e1400000, 0x00000006e6580000, 0x0000000775c00000)
  object space 83456K, 8% used [0x00000006e1400000,0x00000006e1ad68c8,0x00000006e6580000)
 Metaspace       used 33572K, capacity 35314K, committed 35416K, reserved 1081344K
  class space    used 4268K, capacity 4607K, committed 4608K, reserved 1048576K
Event: 4.943 GC heap after
Heap after GC invocations=8 (full 1):
 PSYoungGen      total 238080K, used 9711K [0x0000000775c00000, 0x0000000789b80000, 0x00000007c0000000)
  eden space 228352K, 0% used [0x0000000775c00000,0x0000000775c00000,0x0000000783b00000)
  from space 9728K, 99% used [0x0000000783b00000,0x000000078447bf38,0x0000000784480000)
  to   space 11776K, 0% used [0x0000000789000000,0x0000000789000000,0x0000000789b80000)
 ParOldGen       total 83456K, used 9131K [0x00000006e1400000, 0x00000006e6580000, 0x0000000775c00000)
  object space 83456K, 10% used [0x00000006e1400000,0x00000006e1ceafe0,0x00000006e6580000)
 Metaspace       used 33572K, capacity 35314K, committed 35416K, reserved 1081344K
  class space    used 4268K, capacity 4607K, committed 4608K, reserved 1048576K
}
Event: 4.943 GC heap before
{Heap before GC invocations=9 (full 2):
 PSYoungGen      total 238080K, used 9711K [0x0000000775c00000, 0x0000000789b80000, 0x00000007c0000000)
  eden space 228352K, 0% used [0x0000000775c00000,0x0000000775c00000,0x0000000783b00000)
  from space 9728K, 99% used [0x0000000783b00000,0x000000078447bf38,0x0000000784480000)
  to   space 11776K, 0% used [0x0000000789000000,0x0000000789000000,0x0000000789b80000)
 ParOldGen       total 83456K, used 9131K [0x00000006e1400000, 0x00000006e6580000, 0x0000000775c00000)
  object space 83456K, 10% used [0x00000006e1400000,0x00000006e1ceafe0,0x00000006e6580000)
 Metaspace       used 33572K, capacity 35314K, committed 35416K, reserved 1081344K
  class space    used 4268K, capacity 4607K, committed 4608K, reserved 1048576K
Event: 5.024 GC heap after
Heap after GC invocations=9 (full 2):
 PSYoungGen      total 238080K, used 0K [0x0000000775c00000, 0x0000000789b80000, 0x00000007c0000000)
  eden space 228352K, 0% used [0x0000000775c00000,0x0000000775c00000,0x0000000783b00000)
  from space 9728K, 0% used [0x0000000783b00000,0x0000000783b00000,0x0000000784480000)
  to   space 11776K, 0% used [0x0000000789000000,0x0000000789000000,0x0000000789b80000)
 ParOldGen       total 143872K, used 16625K [0x00000006e1400000, 0x00000006ea080000, 0x0000000775c00000)
  object space 143872K, 11% used [0x00000006e1400000,0x00000006e243c740,0x00000006ea080000)
 Metaspace       used 33572K, capacity 35314K, committed 35416K, reserved 1081344K
  class space    used 4268K, capacity 4607K, committed 4608K, reserved 1048576K
}
Event: 7.179 GC heap before
{Heap before GC invocations=10 (full 2):
 PSYoungGen      total 238080K, used 228352K [0x0000000775c00000, 0x0000000789b80000, 0x00000007c0000000)
  eden space 228352K, 100% used [0x0000000775c00000,0x0000000783b00000,0x0000000783b00000)
  from space 9728K, 0% used [0x0000000783b00000,0x0000000783b00000,0x0000000784480000)
  to   space 11776K, 0% used [0x0000000789000000,0x0000000789000000,0x0000000789b80000)
 ParOldGen       total 143872K, used 16625K [0x00000006e1400000, 0x00000006ea080000, 0x0000000775c00000)
  object space 143872K, 11% used [0x00000006e1400000,0x00000006e243c740,0x00000006ea080000)
 Metaspace       used 46972K, capacity 49138K, committed 49536K, reserved 1091584K
  class space    used 6344K, capacity 6719K, committed 6784K, reserved 1048576K
Event: 7.197 GC heap after
Heap after GC invocations=10 (full 2):
 PSYoungGen      total 312320K, used 11767K [0x0000000775c00000, 0x000000078a700000, 0x00000007c0000000)
  eden space 300544K, 0% used [0x0000000775c00000,0x0000000775c00000,0x0000000788180000)
  from space 11776K, 99% used [0x0000000789000000,0x0000000789b7dd78,0x0000000789b80000)
  to   space 14848K, 0% used [0x0000000788180000,0x0000000788180000,0x0000000789000000)
 ParOldGen       total 143872K, used 20894K [0x00000006e1400000, 0x00000006ea080000, 0x0000000775c00000)
  object space 143872K, 14% used [0x00000006e1400000,0x00000006e28679b8,0x00000006ea080000)
 Metaspace       used 46972K, capacity 49138K, committed 49536K, reserved 1091584K
  class space    used 6344K, capacity 6719K, committed 6784K, reserved 1048576K
}

